START: Search for AVIF issue context
=== Check notes for AVIF mentions ===
notes/633e9483-8ceb-4a0c-b0d8-798f8437f6eb_0012.txt:Want me to add anything — a custom balloon count input, ability to name/save color schemes, or a different arrangement shape?0e982e_37bc5d544c95452bbc87e9644cc4e5c0~mv2.avifavif0e982e_fd5d7e0ad58f427dae6704547543b7d2~mv2.avifavifstart with actual balloons and let the user change the colors in itApr 15Let me look at both uploaded balloon images first.View first balloon imageView first balloon imageThe AVIF files are binary — I can't view them directly. Let me convert them to PNG so I can actually see what the balloon arrangements look like.Viewed 2 files, ran a commandViewed 2 files, ran a commandNow I can see exactly what these look like — a cluster/garland-style arrangement with varying balloon sizes. Let me analyze the precise positions and sizes so I can recreate it as SVG with recolorable balloons.Ran 4 commandsRan 4 commandsThe distance transform is underdetecting — these are dense overlapping clusters. Let me look at the actual images more carefully and hand-map the balloon positions by studying the visual structure closely.Ran 2 commands, viewed 2 filesRan 2 commands, viewed 2 filesNow I can clearly see both clusters. I can count and map them precisely:
notes/633e9483-8ceb-4a0c-b0d8-798f8437f6eb_0012.txt:To white-label for another vendor: open js/config.js, change title, subtitle, logo, accent, and copyFooter — push — done in 30 seconds.Balloon color plannerZIP DownloadIndexCode · HTML DownloadConfigJS DownloadPaletteJS DownloadArrangementsJS DownloadAppJS DownloadStyleCode · CSS DownloadDeployYML DownloadReadmeDocument · MD DownloadDownload allarrangements must be truer with a much closer approximation to what the site images showuse the actual images if neededApr 15Let me download and analyze every actual product image from the site.Download all product arrangement images with browser headersDownload all product arrangement images with browser headersWix blocks all server-side fetches. Let me use the browser fetch tool instead to get these images.Searched the web, ran a commandSearched the web, ran a commandWix blocks all non-browser requests. The images are available in the browser though — let me use the image_search tool to fetch them through the search pipeline, which can access them.storage.googleapis.compeachykeenevents.com.aupinterest.com7Results from the webThe image search gives generic results, not the actual Wix images. I need to use the uploaded photos we already have plus carefully study the site visually. Let me look at all the uploaded images we have and also use the actual product page screenshots from the color chart upload.Check what images we already have on disk from the siteCheck what images we already have on disk from the siteOnly two balloon cluster images were uploaded. The full-page color chart screenshot (hangoverIIIwallace.png) has ALL the cluster thumbnails on it. Let me extract and analyze every single cluster from that screenshot.Ran 2 commands, viewed a fileRan 2 commands, viewed a fileNow I can see ALL the balloon clusters. They all use the SAME cluster arrangement shape — it's one consistent layout repeated in different colors. Let me extract individual clusters at full resolution to precisely map every balloon position.Viewed 4 files, ran 2 commandsViewed 4 files, ran 2 commandsNow I can clearly see there are two distinct cluster shapes used on the site. Let me carefully map each one using the distance transform on the high-res extracted images.Ran 2 commands, viewed 2 filesRan 2 commands, viewed 2 filesGood detection on both. Now I can see the true shapes clearly. Let me extract more cluster rows to understand all the distinct shapes on the site, and also precisely capture the second shape variant.Extract one cluster from each color family row for shape analysisExtract one cluster from each color family row for shape analysisFrom the precise analysis:
notes/633e9483-8ceb-4a0c-b0d8-798f8437f6eb_0012.txt:All color chart thumbnails use one of two cluster shapes — a diagonal grape-bunch (most colors) and a rounder compact cluster (some metallic/reflex colors)
notes/633e9483-8ceb-4a0c-b0d8-798f8437f6eb_0012.txt:The old invented arrangements (Stack, Hug, Mosaic Wall, Column, Bouquet, Arch, Garland wave) are all replaced with the 10 real products sold on the site. The zip includes all other files unchanged.Balloon color plannerZIP DownloadArrangementsJS DownloadDownload allshow the interactive picker and code hereApr 16Viewed 3 filesViewed 3 filesNow I have everything. Let me build the complete self-contained interactive widget.VConnecting to visualize...The full interactive picker is live above, and the GitHub Pages repo zip from earlier has the identical code split into the proper file structure. Every arrangement shape was pixel-traced directly from the actual site images — the two cluster photos you uploaded and the balloon menu screenshots.offer a vertical slider with thumbnails of the original images to click and load an arrangementoffer intuitive UX so that choices of two or two  colors properly fills out the arrangementsimulated arrangements do not match the images, so perhaps use the images themselves and just change colors as the users choose themApr 18Great idea — use the actual images as the base, then apply SVG color filters on top. Let me first download the arrangement images properly using the browser.Ran 6 commandsRan 6 commands82KB for canvas + 18KB for thumbs = 100KB total. Now I can build the full widget with the real images as base, CSS filter-based recoloring, and a vertical thumbnail slider.Ran 2 commandsRan 2 commands101KB — good. Now build the widget. The approach: show the real image on canvas, use a CSS hue-rotate + saturate + brightness filter to shift all balloon colors to match the user's chosen palette color. For 2-color schemes, show the image twice with two different filters blended via SVG clip-mask regions based on which balloons belong to each color group.Ran 2 commandsRan 2 commandsNow build the complete widget. The key UX decisions:
notes/633e9483-8ceb-4a0c-b0d8-798f8437f6eb_0012.txt:Vertical thumbnail strip on the left — click to load arrangement
notes/633e9483-8ceb-4a0c-b0d8-798f8437f6eb_0012.txt:Vertical thumbnail rail on the left — all 10 arrangements displayed as scrollable clickable thumbnails with their product name. The active one is highlighted with a pink left border.
notes/633e9483-8ceb-4a0c-b0d8-798f8437f6eb_0012.txt:Color plan readout shows exact balloon counts at the bottom, ready to copy.Balloon color pickerCode · HTML Downloadyou broke it, think about great UX and reason through what happens when the user selects a thumbnailwhen the user selects a thumbnail the arrangement should load and the user should be able to change colorsApr 18Looking at the screenshot — the image is showing as a blue rectangle instead of the real photo, and clicking thumbnails clearly isn't loading the arrangement properly. The filter math is broken (hue-rotate on a JPEG with white background turns everything blue). Let me think through the correct approach.
notes/633e9483-8ceb-4a0c-b0d8-798f8437f6eb_0012.txt:Click any thumbnail → arrangement photo loads immediately, title updates, canvas resets
notes/633e9483-8ceb-4a0c-b0d8-798f8437f6eb_0012.txt:The thumbnail + real-image approach kept breaking because:
notes/633e9483-8ceb-4a0c-b0d8-798f8437f6eb_0012.txt:The right path to get real images working would be hosting them as actual files (which the GitHub Pages repo does — the images can be referenced by URL rather than embedded as base64), not embedding them inline. If you want to revisit that approach, it's cleaner to do in the deployed repo where the images are served as static assets.Balloon color pickerCode · HTML Downloadmake a horizontal slider at the bottom of the "Arrangement" panel with the thumbnails of the actual images and do better at simulating the arrangements' geometryApr 18Let me study the actual images carefully before writing any code.Viewed 2 filesViewed 2 filesGood. Now I have the full picture. I need to: 1) replace the text tab row with a horizontal thumbnail slider, 2) improve the SVG balloon geometry to better match the actual site images. Let me look at the images again carefully to redesign the geometries.Viewed 5 filesViewed 5 filesNow I have a clear visual of all arrangements. I'll rewrite the file with: accurate SVG geometries per arrangement matched to the photos, plus a horizontal thumbnail slider replacing the text tabs. The thumbnails will use the actual cropped images encoded as tiny inline base64.Generate tiny base64 thumbnails for horizontal sliderGenerate tiny base64 thumbnails for horizontal sliderOnly 16KB for all thumbnails. Now rewrite the complete HTML with accurate geometries and the horizontal slider.Ran 4 commands, created a file, read a fileRan 4 commands, created a file, read a fileHere's what changed:
=== Check main HTML structure ===
  5773 total
=== Look for img tags ===
=== Check README ===
# Balloon Color Planner

Interactive balloon color picker for [calltheballoonlady.com](https://calltheballoonlady.com).  
Built for West Volusia County, FL. White-label ready.

---

## What it does

- Shows the real mocha cluster photo as the base layer
- Applies your chosen colors to each balloon region using canvas compositing
- Preserves original photo shading, highlights, and depth
- Assigns colors by balloon role (large / medium / small), not randomly
- Lets you select individual balloons or entire role groups
- Copies a ready-to-order color plan to clipboard

---

## Deploy in 5 minutes

```bash
# 1. Clone and enter
git clone https://github.com/YOUR_USERNAME/balloon-color-planner
cd balloon-color-planner

# 2. Push to GitHub
git add .
git commit -m "Initial deploy"
git push origin main
```

Then in GitHub:
- **Settings → Pages → Source: GitHub Actions → Save**
- First push triggers the workflow automatically
- Live at `https://YOUR_USERNAME.github.io/balloon-color-planner/`

---

## White-label rebrand

Open `js/config.js` — it is the **only file you edit** to rebrand:

```js
const CONFIG = {
  title:         'Balloon Color Planner',
  subtitle:      'yoursite.com · Your City, State',
  phone:         '555-000-0000',
  email:         'you@yoursite.com',
  accent:        '#e8006a',   // changes all pink UI elements
  copyFooter:    'Your Business · yoursite.com',
  defaultPreset: 'Pink & Fuchsia',
  maxSlots:       2,
};
```

Push the change. Workflow redeploys automatically in ~30 seconds.

---

## File structure

```
balloon-color-planner/
├── index.html                  Markup only — no inline logic or styles
├── css/
│   └── style.css               All styles — no rendering logic
├── js/
│   ├── config.js               ONLY file to edit for white-labeling
│   ├── regions.js              Balloon region data — auto-generated from photo
│   ├── palette.js              27 site colors + role-based presets
│   ├── recolor.js              Canvas recoloring engine
│   ├── interaction.js          Click/select handling — separate from rendering
│   └── app.js                  Orchestrator — state, color assignment, UI
└── .github/
    └── workflows/
        └── deploy.yml          GitHub Pages CI/CD
```

---

## Architecture

```
[Original Photo]
      ↓
[Hybrid Segmentation]          (distance transform + watershed, run once offline)
      ↓
[Balloon Regions]              js/regions.js — 18 verified regions with role tags
      ↓
[Interaction Layer]            js/interaction.js — click/select, no visual output
      ↓
[Color Assignment Engine]      js/app.js — assigns by role: large/medium/small
      ↓
[Canvas Recolor Engine]        js/recolor.js — photo base + per-region clip + blend
      ↓
[Visual Verification Output]   Canvas element in browser
```

### Rendering rules (non-negotiable)

| Rule | Requirement |
|------|-------------|
| Base layer | Always the original photo — never reconstructed geometry |
| Color application | Canvas `color` blend mode, clipped to balloon region |
| Shading restoration | `multiply` redraw of original photo at 35% opacity |
| Highlight restoration | `screen` white fill at 12% opacity |
| Interaction | Separate canvas layer / hit-test only — never drawn visually |
| CSS filters | Never used for recoloring — shifts entire image uniformly |

---

## Updating balloon regions

If you add a new arrangement photo:

```bash
# Run the segmentation script on your new photo
python3 tools/segment.py your_photo.png

# Inspect the output images BEFORE using the data:
#   VERIFY_annotated.jpg   — green circles on source photo
#   VERIFY_reconstruction.jpg — pink reconstruction to compare

# If circles match balloons, the generated regions.js is correct.
# If they don't match, tune the parameters in segment.py and rerun.
```

**Never ship region data without visual verification. Never.**

---

## Color palette

27 colors, all visible in actual calltheballoonlady.com product photos:

| Group | Colors |
|-------|--------|
| White & Cream | Fashion White, Pearl White, Silk Oyster White |
| Gold & Champagne | Metallic Gold, Reflex Champagne, Metallic Rose Gold |
| Brown & Mocha | Deluxe Mocha, Deluxe Coffee, Deluxe Chocolate |
| Pink & Fuchsia | Reflex Fuchsia, Bubble Gum Pink, Pastel Pink, Raspberry, Pearl Pink, Pink Blossom, Reflex Pink, Rose Gold, Metallic Fuchsia |
| Purple | Silk Light Amethyst, Pastel Matte Lilac, Deluxe Purple Orchid |
| Navy | Fashion Navy |
| Grey & Silver | Metallic Silver, Reflex Silver, Deluxe Grey |

### Clickable presets

Clicking any group label in the palette auto-fills all 18 balloons by role:

- **Pink & Fuchsia** — Reflex Fuchsia (large) · Bubble Gum Pink (medium) · Rose Gold (small)
- **Brown & Mocha** — Deluxe Mocha (large) · Deluxe Coffee (medium) · Chocolate (small)
- **Gold & Champagne** — Reflex Champagne (large) · Fashion White (medium) · Metallic Gold (small)
- **White & Cream** — Pearl White (large) · Fashion White (medium) · Metallic Silver (small)
- **Purple** — Silk Light Amethyst (large) · Pastel Matte Lilac (medium) · Reflex Silver (small)

---

## Local development

No build step. Open `index.html` in any browser.  
For live reload:

```bash
npx serve .
# or
python3 -m http.server 8080
```

---

## Contact

The Balloon Lady · De Leon Springs, FL 32130  
calltheballoonlady@gmail.com · 386-999-3996
END: Context search
