START: Analyze current VS Code process tree
=== Full process tree showing code and zygote ===
2660047       1    23:04:12  0.2  2.1 code
2660060 2660047    23:04:12  0.0  0.4  \_ code
2660092 2660060    23:04:11  6.3  0.8  |   \_ code
2660061 2660047    23:04:12  0.0  0.5  \_ code
2660063 2660061    23:04:12  0.0  0.0  |   \_ code
2660170 2660063    23:04:11  0.6  4.1  |       \_ code
3276773 2660063       28:52 15.8  6.3  |       \_ code
2660100 2660047    23:04:11  0.0  0.7  \_ code
2660234 2660047    23:04:08  0.0  1.6  \_ code
2660538 2660047    23:03:59  0.1  1.2  \_ code
3276746 2660047       28:53  2.1  6.9  \_ code
3277054 3276746       28:43  0.0  1.1  |   \_ code
3276774 2660047       28:52  0.0  1.3  \_ code
=== Count of zygote processes ===
6
=== Memory per zygote ===
2660060 0.4 40040
2660061 0.5 41396
2660063 0.0 6124
2660092 0.8 68704
2660170 4.1 335744
3276773 6.3 512084
END: Process tree analysis
