START: Check terminal and zygote spawning
root       10422  0.0  0.0   2588  1904 ?        Ss   Apr17   0:00 fusermount3 -o rw,nosuid,nodev,fsname=portal,auto_unmount,subtype=portal -- /run/user/1000/doc
owner    2660060  0.0  0.4 51073288 40040 ?      S    Apr21   0:00 /usr/share/code/code --type=zygote --no-zygote-sandbox
owner    2660061  0.0  0.5 34296064 41396 ?      S    Apr21   0:00 /usr/share/code/code --type=zygote
owner    2660063  0.0  0.0 34296092 6136 ?       S    Apr21   0:00 /usr/share/code/code --type=zygote
owner    2660092  6.3  0.9 51424516 77452 ?      Sl   Apr21  85:36 /usr/share/code/code --type=zygote --no-zygote-sandbox
owner    2660100  0.0  0.7 34092808 61656 ?      Sl   Apr21   0:08 /proc/self/exe --type=utility --utility-sub-type=network.mojom.NetworkService --lang=en-US --service-sandbox-type=none --enable-crash-reporter=741f12a7-424b-40ff-8537-932730d3f209,no_channel --user-data-dir=/home/owner/.config/Code --standard-schemes=vscode-webview,vscode-file --enable-sandbox --secure-schemes=vscode-webview,vscode-file --cors-schemes=vscode-webview,vscode-file --fetch-schemes=vscode-webview,vscode-file --service-worker-schemes=vscode-webview --code-cache-schemes=vscode-webview,vscode-file --shared-files=v8_context_snapshot_data:100 --field-trial-handle=3,i,13244553083485051040,6434230862641829282,262144 --enable-features=DocumentPolicyIncludeJSCallStacksInCrashReports,EarlyEstablishGpuChannel,EstablishGpuChannelAsync --disable-features=CalculateNativeWinOcclusion,LocalNetworkAccessChecks,ScreenAIOCREnabled,SpareRendererForSitePerProcess,TraceSiteInstanceGetProcessCreation --variations-seed-version --trace-process-track-uuid=3190708989122997041
owner    2660170  0.6  4.2 1465261364 346996 ?   Rl   Apr21   8:18 /usr/share/code/code --type=zygote
owner    2660234  0.0  1.6 1478321760 131380 ?   Sl   Apr21   0:11 /proc/self/exe --type=utility --utility-sub-type=node.mojom.NodeService --lang=en-US --service-sandbox-type=none --js-flags=--nodecommit_pooled_pages --enable-crash-reporter=741f12a7-424b-40ff-8537-932730d3f209,no_channel --user-data-dir=/home/owner/.config/Code --standard-schemes=vscode-webview,vscode-file --enable-sandbox --secure-schemes=vscode-webview,vscode-file --cors-schemes=vscode-webview,vscode-file --fetch-schemes=vscode-webview,vscode-file --service-worker-schemes=vscode-webview --code-cache-schemes=vscode-webview,vscode-file --shared-files=v8_context_snapshot_data:100 --field-trial-handle=3,i,13244553083485051040,6434230862641829282,262144 --enable-features=DocumentPolicyIncludeJSCallStacksInCrashReports,EarlyEstablishGpuChannel,EstablishGpuChannelAsync --disable-features=CalculateNativeWinOcclusion,LocalNetworkAccessChecks,ScreenAIOCREnabled,SpareRendererForSitePerProcess,TraceSiteInstanceGetProcessCreation --variations-seed-version --trace-process-track-uuid=3190708990997080739
owner    2660235  0.0  1.0 1461561496 81396 ?    Sl   Apr21   0:15 /proc/self/exe --type=utility --utility-sub-type=node.mojom.NodeService --lang=en-US --service-sandbox-type=none --js-flags=--nodecommit_pooled_pages --enable-crash-reporter=741f12a7-424b-40ff-8537-932730d3f209,no_channel --user-data-dir=/home/owner/.config/Code --standard-schemes=vscode-webview,vscode-file --enable-sandbox --secure-schemes=vscode-webview,vscode-file --cors-schemes=vscode-webview,vscode-file --fetch-schemes=vscode-webview,vscode-file --service-worker-schemes=vscode-webview --code-cache-schemes=vscode-webview,vscode-file --shared-files=v8_context_snapshot_data:100 --field-trial-handle=3,i,13244553083485051040,6434230862641829282,262144 --enable-features=DocumentPolicyIncludeJSCallStacksInCrashReports,EarlyEstablishGpuChannel,EstablishGpuChannelAsync --disable-features=CalculateNativeWinOcclusion,LocalNetworkAccessChecks,ScreenAIOCREnabled,SpareRendererForSitePerProcess,TraceSiteInstanceGetProcessCreation --variations-seed-version --trace-process-track-uuid=3190708991934122588
owner    2660538  0.1  1.2 1461569876 98644 ?    Sl   Apr21   1:32 /proc/self/exe --type=utility --utility-sub-type=node.mojom.NodeService --lang=en-US --service-sandbox-type=none --js-flags=--nodecommit_pooled_pages --enable-crash-reporter=741f12a7-424b-40ff-8537-932730d3f209,no_channel --user-data-dir=/home/owner/.config/Code --standard-schemes=vscode-webview,vscode-file --enable-sandbox --secure-schemes=vscode-webview,vscode-file --cors-schemes=vscode-webview,vscode-file --fetch-schemes=vscode-webview,vscode-file --service-worker-schemes=vscode-webview --code-cache-schemes=vscode-webview,vscode-file --shared-files=v8_context_snapshot_data:100 --field-trial-handle=3,i,13244553083485051040,6434230862641829282,262144 --enable-features=DocumentPolicyIncludeJSCallStacksInCrashReports,EarlyEstablishGpuChannel,EstablishGpuChannelAsync --disable-features=CalculateNativeWinOcclusion,LocalNetworkAccessChecks,ScreenAIOCREnabled,SpareRendererForSitePerProcess,TraceSiteInstanceGetProcessCreation --variations-seed-version --trace-process-track-uuid=3190708993808206286
owner    2661518  6.3  6.7 1460121012 549204 ?   Sl   Apr21  86:15 /usr/share/code/code --type=zygote
owner    3108673  0.7  7.0 1461968456 569128 ?   Sl   08:05   2:48 /proc/self/exe --type=utility --utility-sub-type=node.mojom.NodeService --lang=en-US --service-sandbox-type=none --dns-result-order=ipv4first --experimental-network-inspection --inspect-port=0 --js-flags=--nodecommit_pooled_pages --enable-crash-reporter=741f12a7-424b-40ff-8537-932730d3f209,no_channel --user-data-dir=/home/owner/.config/Code --standard-schemes=vscode-webview,vscode-file --enable-sandbox --secure-schemes=vscode-webview,vscode-file --cors-schemes=vscode-webview,vscode-file --fetch-schemes=vscode-webview,vscode-file --service-worker-schemes=vscode-webview --code-cache-schemes=vscode-webview,vscode-file --shared-files=v8_context_snapshot_data:100 --field-trial-handle=3,i,13244553083485051040,6434230862641829282,262144 --enable-features=DocumentPolicyIncludeJSCallStacksInCrashReports,EarlyEstablishGpuChannel,EstablishGpuChannelAsync --disable-features=CalculateNativeWinOcclusion,LocalNetworkAccessChecks,ScreenAIOCREnabled,SpareRendererForSitePerProcess,TraceSiteInstanceGetProcessCreation --variations-seed-version --trace-process-track-uuid=3190708997556373682
owner    3108721 19.7  8.7 1463534792 713108 ?   Rl   08:05  70:46 /usr/share/code/code --type=zygote
owner    3224825  0.0  2.0 1460113900 167096 ?   Sl   12:20   0:05 /usr/share/code/code --type=zygote
---
8
zygote processes
---
1
login sessions
---
9
PTY sessions
END: Check terminal and zygote spawning
