START: JSON completeness verification
✓ JSON structure:
  - Metadata keys: ['source_file', 'total_sections', 'total_lines', 'format']
  - Total rules parsed: 29
  - Source file: .augment-rules/mandatory-rules-v6.7.md
  - Total lines from source: 741

✓ Rules list includes:
   1. SESSION BOOTSTRAP 🔴 (RUNS BEFORE ALL OTHER RULES — EVERY SESSION)
   2. RULE CLASSES (READ FIRST)
   3. RULE 0 — EMISSION GATE (HARD STOP)
   4. RULE 1 — FULL ARTIFACT EMISSION
   5. RULE 2 — NO PARTIAL COMPLIANCE
   6. RULE 3 — NO SILENT REGRESSION
   7. RULE 4 — MODE LOCKING
   8. RULE 5 — NO CLARIFICATION AFTER EXPLICIT STATEMENTS
   9. RULE 6 — KNOWN-WORKING CODE ONLY (UPDATED)
  10. RULE 7 — EVIDENCE BEFORE ASSERTION
  11. RULE 8 — PROCESS OUTPUT CAPTURE RELIABILITY
  12. RULE 9 — MANDATORY OUTPUT READING (ZERO EXCEPTIONS)
  13. RULE 9B — Tool Name Accuracy (ZERO TOLERANCE)
  14. RULE 9C — File Editing with Corrupted Content (ZERO TOLERANCE)
  15. RULE 9D — `view` Tool Scope Limit (ZERO TOLERANCE)
  16. RULE 10 — USER-MANDATED COMMAND AUTHORITY
  17. RULE 11 — NO PLACEHOLDERS
  18. RULE 12 — DETERMINISTIC OUTPUT
  19. RULE 13 — SELF-AUDIT BEFORE EMISSION
  20. RULE 14 — REGRESSION CHALLENGE RESPONSE
  21. RULE 15 — ZERO-HANG GUARANTEE
  22. RULE 16 — COMPLETE WORKFLOW TESTING
  23. RULE 17 — VERSION CONTROL & PROVENANCE
  24. RULE 18 — FAIL-SAFE & ROLLBACK
  25. RULE 19 — SENSITIVE DATA HANDLING
  26. RULE 20 — ENVIRONMENT & DEPENDENCY DECLARATION
  27. RULE 21 — DOCKER / CONTAINER WORKFLOW MANDATES 🟠
  28. RULE 22 — TERMINAL HYGIENE & RESOURCE MANAGEMENT 🟠
  29. MANDATORY COMPLIANCE AUDIT

✓ Complete JSON file created successfully
END: JSON completeness verification
