START: Check terminal and zygote spawning after reload
=== ZYGOTE PROCESSES ===
6
zygote count
owner    2660060  0.0  0.4 51073288 40040 ?      S    Apr21   0:00 /usr/share/code/code --type=zygote --no-zygote-sandbox
owner    2660061  0.0  0.5 34296064 41396 ?      S    Apr21   0:00 /usr/share/code/code --type=zygote
owner    2660063  0.0  0.0 34296092 6124 ?       S    Apr21   0:00 /usr/share/code/code --type=zygote
owner    2660092  6.3  0.8 51415256 69340 ?      Sl   Apr21  85:44 /usr/share/code/code --type=zygote --no-zygote-sandbox
owner    2660170  0.6  4.1 1465263840 337440 ?   Rl   Apr21   8:37 /usr/share/code/code --type=zygote
owner    3276773 19.7  4.6 1461825232 379436 ?   Sl   14:05   0:12 /usr/share/code/code --type=zygote
=== PTY SESSIONS ===
6
PTY count
=== EXTENSION HOST MEMORY ===
owner    2660234  0.0  1.5 1478321760 128332 ?   Sl   Apr21   0:12 /proc/self/exe --type=utility --utility-sub-type=node.mojom.NodeService --lang=en-US --service-sandbox-type=none --js-flags=--nodecommit_pooled_pages --enable-crash-reporter=741f12a7-424b-40ff-8537-932730d3f209,no_channel --user-data-dir=/home/owner/.config/Code --standard-schemes=vscode-webview,vscode-file --enable-sandbox --secure-schemes=vscode-webview,vscode-file --cors-schemes=vscode-webview,vscode-file --fetch-schemes=vscode-webview,vscode-file --service-worker-schemes=vscode-webview --code-cache-schemes=vscode-webview,vscode-file --shared-files=v8_context_snapshot_data:100 --field-trial-handle=3,i,13244553083485051040,6434230862641829282,262144 --enable-features=DocumentPolicyIncludeJSCallStacksInCrashReports,EarlyEstablishGpuChannel,EstablishGpuChannelAsync --disable-features=CalculateNativeWinOcclusion,LocalNetworkAccessChecks,ScreenAIOCREnabled,SpareRendererForSitePerProcess,TraceSiteInstanceGetProcessCreation --variations-seed-version --trace-process-track-uuid=3190708990997080739
owner    2660538  0.1  1.2 1461569876 98688 ?    Sl   Apr21   1:32 /proc/self/exe --type=utility --utility-sub-type=node.mojom.NodeService --lang=en-US --service-sandbox-type=none --js-flags=--nodecommit_pooled_pages --enable-crash-reporter=741f12a7-424b-40ff-8537-932730d3f209,no_channel --user-data-dir=/home/owner/.config/Code --standard-schemes=vscode-webview,vscode-file --enable-sandbox --secure-schemes=vscode-webview,vscode-file --cors-schemes=vscode-webview,vscode-file --fetch-schemes=vscode-webview,vscode-file --service-worker-schemes=vscode-webview --code-cache-schemes=vscode-webview,vscode-file --shared-files=v8_context_snapshot_data:100 --field-trial-handle=3,i,13244553083485051040,6434230862641829282,262144 --enable-features=DocumentPolicyIncludeJSCallStacksInCrashReports,EarlyEstablishGpuChannel,EstablishGpuChannelAsync --disable-features=CalculateNativeWinOcclusion,LocalNetworkAccessChecks,ScreenAIOCREnabled,SpareRendererForSitePerProcess,TraceSiteInstanceGetProcessCreation --variations-seed-version --trace-process-track-uuid=3190708993808206286
owner    3276746 16.5  7.4 1461983748 606320 ?   Sl   14:05   0:10 /proc/self/exe --type=utility --utility-sub-type=node.mojom.NodeService --lang=en-US --service-sandbox-type=none --dns-result-order=ipv4first --experimental-network-inspection --inspect-port=0 --js-flags=--nodecommit_pooled_pages --enable-crash-reporter=741f12a7-424b-40ff-8537-932730d3f209,no_channel --user-data-dir=/home/owner/.config/Code --standard-schemes=vscode-webview,vscode-file --enable-sandbox --secure-schemes=vscode-webview,vscode-file --cors-schemes=vscode-webview,vscode-file --fetch-schemes=vscode-webview,vscode-file --service-worker-schemes=vscode-webview --code-cache-schemes=vscode-webview,vscode-file --shared-files=v8_context_snapshot_data:100 --field-trial-handle=3,i,13244553083485051040,6434230862641829282,262144 --enable-features=DocumentPolicyIncludeJSCallStacksInCrashReports,EarlyEstablishGpuChannel,EstablishGpuChannelAsync --disable-features=CalculateNativeWinOcclusion,LocalNetworkAccessChecks,ScreenAIOCREnabled,SpareRendererForSitePerProcess,TraceSiteInstanceGetProcessCreation --variations-seed-version --trace-process-track-uuid=3190709001304541078
=== TOTAL CPU/RAM USAGE ===
CPU%: 44.6, RAM KB: 2220320
END: Check terminal and zygote spawning after reload
